Gtk-Message: 20:05:51.891: Failed to load module "appmenu-gtk-module"
Gtk-Message: 20:05:52.040: Failed to load module "appmenu-gtk-module"
Gtk-Message: 20:05:52.308: Failed to load module "appmenu-gtk-module"
Discord 0.0.20
Gtk-Message: 20:05:52.494: Failed to load module "appmenu-gtk-module"
Discord 0.0.20
Starting app.
Starting updater.
[Modules] Modules initializing
[Modules] Distribution: remote
[Modules] Host updates: enabled
[Modules] Module updates: enabled
[Modules] Module install path: /home/esca7a/.config/discord/0.0.20/modules
[Modules] Module installed file path: /home/esca7a/.config/discord/0.0.20/modules/installed.json
[Modules] Module download path: /home/esca7a/.config/discord/0.0.20/modules/pending
Quitting secondary instance.
Gtk-Message: 20:05:52.681: Failed to load module "appmenu-gtk-module"
Discord 0.0.20
Quitting secondary instance.
Gtk-Message: 20:05:52.807: Failed to load module "appmenu-gtk-module"
[Modules] No updates to install
[Modules] Checking for host updates.
[Modules] Host is up to date.
[Modules] Checking for module updates at https://discord.com/api/modules/stable/versions.json
[Modules] No module updates available.
Optional module ./ElectronTestRpc was not included.
qt.gui.imageio.jpeg: Corrupt JPEG data: premature end of data segment
qt.gui.imageio.jpeg: Corrupt JPEG data: premature end of data segment
qt.gui.imageio.jpeg: Corrupt JPEG data: premature end of data segment
qt.gui.imageio.jpeg: Corrupt JPEG data: premature end of data segment
qt.gui.imageio.jpeg: Corrupt JPEG data: premature end of data segment
WEIGHT /home/esca7a/.config/discord/0.0.20/modules/discord_krisp/NC_small_8k.thw
WEIGHT /home/esca7a/.config/discord/0.0.20/modules/discord_krisp/NC_small_16k.thw
WEIGHT /home/esca7a/.config/discord/0.0.20/modules/discord_krisp/c6.s.f.27f1a3.thw
WEIGHT /home/esca7a/.config/discord/0.0.20/modules/discord_krisp/VAD_weight.thw
[Modules] Checking for host updates.
[Modules] Host is up to date.
[Modules] Checking for module updates at https://discord.com/api/modules/stable/versions.json
[Modules] No module updates available.
[Modules] Starting to install discord_rpc...
[Modules] Fetching discord_rpc@1 from https://discord.com/api/modules/stable/discord_rpc/1
[Modules] Streaming discord_rpc@1 to /home/esca7a/.config/discord/0.0.20/modules/pending/discord_rpc-1.zip
[Modules] Streaming discord_rpc@1 to /home/esca7a/.config/discord/0.0.20/modules/pending/discord_rpc-1.zip: 100%
[Modules] Finished module downloads. [success: 1] [failure: 0]
[Modules] Installing discord_rpc@1 from /home/esca7a/.config/discord/0.0.20/modules/pending/discord_rpc-1.zip
Gtk-Message: 20:05:58.514: Failed to load module "appmenu-gtk-module"
[Modules] Finished module installations. [success: 1] [failure: 0]
Discord 0.0.20
Quitting secondary instance.
Gtk-Message: 20:05:59.043: Failed to load module "appmenu-gtk-module"
Gtk-Message: 20:06:08.587: Failed to load module "appmenu-gtk-module"
Discord 0.0.20
Quitting secondary instance.
Gtk-Message: 20:06:09.058: Failed to load module "appmenu-gtk-module"
[5950:0920/200658.125045:FATAL:gpu_data_manager_impl_private.cc(415)] GPU process isn't usable. Goodbye.
--2022-09-20 20:06:58--  https://sentry.io/api/146342/minidump/?sentry_key=384ce4413de74fe0be270abe03b2b35a
Loaded CA certificate '/etc/ssl/certs/ca-certificates.crt'
Resolving sentry.io (sentry.io)... 35.188.42.15
Connecting to sentry.io (sentry.io)|35.188.42.15|:443... connected.
HTTP request sent, awaiting response... 200 OK
Length: 36 [text/plain]
Saving to: ‘/dev/fd/4’

     0K 
 Failed to get crash dump id. 
 Report Id:  86dd1b3f-a8a2-42 
 --2022-09-20 20:06:59--  https://sentry.io/api/146342/minidump/?sentry_key=384ce4413de74fe0be270abe03b2b35a
Loaded CA certificate '/etc/ssl/certs/ca-certificates.crt'
Resolving sentry.io (sentry.io)... 35.188.42.15
Connecting to sentry.io (sentry.io)|35.188.42.15|:443... connected.
HTTP request sent, awaiting response... 200 OK
Length: 36 [text/plain]
Saving to: ‘/dev/fd/4’

     0K 
 Failed to get crash dump id. 
 Report Id:  f2ac1849-4f4d-43 
 The X11 connection broke (error 1). Did the X11 server die?

> dev
> vite


   INFO  Server running on [http://127.0.0.1:8000].  

  Press Ctrl+C to stop the server


  VITE v3.1.3  ready in 523 ms

  ➜  Local:   http://localhost:5173/
  ➜  Network: use --host to expose

  LARAVEL v9.30.1  plugin v0.6.0

  ➜  APP_URL: http://localhost
  2022-09-22 16:20:47 ................................................... ~ 0s
  2022-09-22 16:20:48 /favicon.ico ...................................... ~ 0s
   INFO  Server running on [http://127.0.0.1:8001].  

  Press Ctrl+C to stop the server


> dev
> vite


  VITE v3.1.3  ready in 429 ms

  ➜  Local:   http://localhost:5173/
  ➜  Network: use --host to expose

  LARAVEL v9.30.1  plugin v0.6.0

  ➜  APP_URL: http://localhost
4:22:36 PM [vite] page reload resources/views/dashboard.blade.php
4:22:36 PM [vite] page reload resources/views/dashboard.blade.php
4:22:36 PM [vite] page reload resources/views/dashboard.blade.php
4:22:36 PM [vite] page reload resources/views/dashboard.blade.php
4:22:36 PM [vite] page reload storage/framework/views/5a20926239d9529e64ab049d0fa7e6dcfa36916b.php
4:22:36 PM [vite] page reload storage/framework/views/5a20926239d9529e64ab049d0fa7e6dcfa36916b.php
4:22:37 PM [vite] page reload storage/framework/views/5a20926239d9529e64ab049d0fa7e6dcfa36916b.php
4:24:33 PM [vite] page reload routes/web.php
4:24:51 PM [vite] page reload resources/views/templates/layouts/tweets/create-post.blade.php
4:24:51 PM [vite] page reload resources/views/templates/layouts/tweets/create-post.blade.php
4:24:51 PM [vite] page reload storage/framework/views/6c9b2090f404eec4c4af9253e36492e0af7aca5e.php
4:24:51 PM [vite] page reload storage/framework/views/6c9b2090f404eec4c4af9253e36492e0af7aca5e.php
4:24:51 PM [vite] page reload storage/framework/views/6c9b2090f404eec4c4af9253e36492e0af7aca5e.php
4:24:51 PM [vite] page reload storage/framework/views/6c9b2090f404eec4c4af9253e36492e0af7aca5e.php
4:24:52 PM [vite] page reload storage/framework/views/6c9b2090f404eec4c4af9253e36492e0af7aca5e.php
4:25:13 PM [vite] page reload routes/web.php
4:25:39 PM [vite] page reload resources/views/templates/layouts/tweets/create-post.blade.php
4:25:39 PM [vite] page reload resources/views/templates/layouts/tweets/create-post.blade.php
4:25:40 PM [vite] page reload storage/framework/views/6c9b2090f404eec4c4af9253e36492e0af7aca5e.php
4:29:36 PM [vite] page reload routes/web.php
4:29:45 PM [vite] page reload routes/web.php
4:29:48 PM [vite] page reload routes/web.php
4:37:10 PM [vite] page reload routes/web.php
4:38:28 PM [vite] page reload routes/web.php
4:40:59 PM [vite] page reload routes/web.php
4:47:21 PM [vite] page reload routes/web.php
4:52:06 PM [vite] page reload routes/web.php
4:52:35 PM [vite] page reload routes/web.php
4:52:47 PM [vite] page reload routes/web.php
4:53:05 PM [vite] page reload routes/web.php
4:57:55 PM [vite] page reload routes/web.php
4:59:21 PM [vite] page reload routes/web.php
4:59:27 PM [vite] page reload routes/web.php
4:59:54 PM [vite] page reload routes/web.php
5:00:44 PM [vite] page reload routes/web.php
5:32:00 PM [vite] page reload routes/web.php
5:40:24 PM [vite] page reload routes/web.php
5:40:30 PM [vite] page reload routes/web.php
5:43:22 PM [vite] page reload routes/web.php
5:44:03 PM [vite] page reload resources/views/templates/layouts/tweets/create-post.blade.php
5:44:03 PM [vite] page reload resources/views/templates/layouts/tweets/create-post.blade.php
5:44:03 PM [vite] page reload storage/framework/views/6c9b2090f404eec4c4af9253e36492e0af7aca5e.php
5:44:03 PM [vite] page reload storage/framework/views/6c9b2090f404eec4c4af9253e36492e0af7aca5e.php
5:44:04 PM [vite] page reload storage/framework/views/6c9b2090f404eec4c4af9253e36492e0af7aca5e.php
5:46:04 PM [vite] page reload routes/web.php
5:46:18 PM [vite] page reload routes/web.php
5:52:43 PM [vite] page reload resources/views/templates/layouts/tweets/create-post.blade.php
5:52:43 PM [vite] page reload resources/views/templates/layouts/tweets/create-post.blade.php
5:52:43 PM [vite] page reload storage/framework/views/6c9b2090f404eec4c4af9253e36492e0af7aca5e.php
5:52:44 PM [vite] page reload storage/framework/views/6c9b2090f404eec4c4af9253e36492e0af7aca5e.php
5:52:54 PM [vite] page reload resources/views/dashboard.blade.php
5:52:54 PM [vite] page reload resources/views/dashboard.blade.php
5:52:54 PM [vite] page reload storage/framework/views/5a20926239d9529e64ab049d0fa7e6dcfa36916b.php
5:52:54 PM [vite] page reload storage/framework/views/5a20926239d9529e64ab049d0fa7e6dcfa36916b.php
5:52:55 PM [vite] page reload storage/framework/views/5a20926239d9529e64ab049d0fa7e6dcfa36916b.php
5:57:45 PM [vite] page reload routes/web.php
5:57:59 PM [vite] page reload routes/web.php
5:58:22 PM [vite] page reload routes/web.php
5:58:33 PM [vite] page reload routes/web.php
5:59:18 PM [vite] page reload routes/web.php
5:59:44 PM [vite] page reload routes/web.php
6:00:17 PM [vite] page reload resources/views/dashboard.blade.php
6:00:17 PM [vite] page reload resources/views/dashboard.blade.php
6:00:17 PM [vite] page reload resources/views/templates/layouts/tweets/create-post.blade.php
6:00:17 PM [vite] page reload resources/views/templates/layouts/tweets/create-post.blade.php
6:00:18 PM [vite] page reload storage/framework/views/5a20926239d9529e64ab049d0fa7e6dcfa36916b.php
6:00:18 PM [vite] page reload storage/framework/views/6c9b2090f404eec4c4af9253e36492e0af7aca5e.php
6:01:00 PM [vite] page reload resources/views/dashboard.blade.php
6:01:00 PM [vite] page reload resources/views/dashboard.blade.php
6:01:00 PM [vite] page reload storage/framework/views/5a20926239d9529e64ab049d0fa7e6dcfa36916b.php
6:01:00 PM [vite] page reload storage/framework/views/5a20926239d9529e64ab049d0fa7e6dcfa36916b.php
6:01:00 PM [vite] page reload storage/framework/views/5a20926239d9529e64ab049d0fa7e6dcfa36916b.php
6:01:01 PM [vite] page reload storage/framework/views/5a20926239d9529e64ab049d0fa7e6dcfa36916b.php
6:02:14 PM [vite] page reload resources/views/dashboard.blade.php
6:02:14 PM [vite] page reload resources/views/dashboard.blade.php
6:02:14 PM [vite] page reload storage/framework/views/5a20926239d9529e64ab049d0fa7e6dcfa36916b.php
6:02:14 PM [vite] page reload storage/framework/views/5a20926239d9529e64ab049d0fa7e6dcfa36916b.php
6:02:15 PM [vite] page reload storage/framework/views/5a20926239d9529e64ab049d0fa7e6dcfa36916b.php
6:02:29 PM [vite] page reload resources/views/dashboard.blade.php
6:02:29 PM [vite] page reload resources/views/dashboard.blade.php
6:02:29 PM [vite] page reload storage/framework/views/5a20926239d9529e64ab049d0fa7e6dcfa36916b.php
6:02:29 PM [vite] page reload storage/framework/views/5a20926239d9529e64ab049d0fa7e6dcfa36916b.php
6:02:30 PM [vite] page reload storage/framework/views/5a20926239d9529e64ab049d0fa7e6dcfa36916b.php
6:03:37 PM [vite] page reload resources/views/templates/layouts/base/sidebar.blade.php
6:03:37 PM [vite] page reload resources/views/templates/layouts/base/sidebar.blade.php
6:03:37 PM [vite] page reload resources/views/customer.blade.php
6:03:37 PM [vite] page reload resources/views/customer.blade.php
6:03:37 PM [vite] page reload storage/framework/views/4afe5234322fdf06c2fd9fb57aa3183fd02d355f.php
6:03:37 PM [vite] page reload storage/framework/views/4afe5234322fdf06c2fd9fb57aa3183fd02d355f.php
6:03:38 PM [vite] page reload storage/framework/views/4afe5234322fdf06c2fd9fb57aa3183fd02d355f.php
6:08:31 PM [vite] page reload storage/framework/views/cd5888d38d65cb0e3b02d256514825202bb266bc.php
6:09:44 PM [vite] page reload routes/web.php
6:10:15 PM [vite] page reload routes/web.php
6:10:28 PM [vite] page reload routes/web.php
6:13:36 PM [vite] page reload resources/views/dashboard.blade.php
6:13:36 PM [vite] page reload resources/views/dashboard.blade.php
6:13:36 PM [vite] page reload storage/framework/views/5a20926239d9529e64ab049d0fa7e6dcfa36916b.php
6:13:37 PM [vite] page reload storage/framework/views/5a20926239d9529e64ab049d0fa7e6dcfa36916b.php
6:15:01 PM [vite] page reload resources/views/dashboard.blade.php
6:15:01 PM [vite] page reload resources/views/dashboard.blade.php
6:15:01 PM [vite] page reload storage/framework/views/5a20926239d9529e64ab049d0fa7e6dcfa36916b.php
6:15:01 PM [vite] page reload storage/framework/views/5a20926239d9529e64ab049d0fa7e6dcfa36916b.php
6:15:02 PM [vite] page reload storage/framework/views/5a20926239d9529e64ab049d0fa7e6dcfa36916b.php
6:15:12 PM [vite] page reload resources/views/dashboard.blade.php
6:15:12 PM [vite] page reload resources/views/dashboard.blade.php
6:15:13 PM [vite] page reload storage/framework/views/5a20926239d9529e64ab049d0fa7e6dcfa36916b.php
6:16:01 PM [vite] page reload resources/views/dashboard.blade.php
6:16:01 PM [vite] page reload resources/views/dashboard.blade.php
6:16:03 PM [vite] page reload storage/framework/views/5a20926239d9529e64ab049d0fa7e6dcfa36916b.php
6:16:12 PM [vite] page reload resources/views/dashboard.blade.php
6:16:12 PM [vite] page reload resources/views/dashboard.blade.php
6:16:12 PM [vite] page reload storage/framework/views/5a20926239d9529e64ab049d0fa7e6dcfa36916b.php
6:16:12 PM [vite] page reload storage/framework/views/5a20926239d9529e64ab049d0fa7e6dcfa36916b.php
6:16:12 PM [vite] page reload storage/framework/views/5a20926239d9529e64ab049d0fa7e6dcfa36916b.php
6:16:13 PM [vite] page reload storage/framework/views/5a20926239d9529e64ab049d0fa7e6dcfa36916b.php
6:20:16 PM [vite] page reload resources/views/dashboard.blade.php
6:20:16 PM [vite] page reload resources/views/dashboard.blade.php
6:20:19 PM [vite] page reload storage/framework/views/5a20926239d9529e64ab049d0fa7e6dcfa36916b.php
6:32:43 PM [vite] page reload resources/views/customer.blade.php
6:32:43 PM [vite] page reload resources/views/customer.blade.php
6:32:43 PM [vite] page reload storage/framework/views/cd5888d38d65cb0e3b02d256514825202bb266bc.php
6:32:43 PM [vite] page reload storage/framework/views/cd5888d38d65cb0e3b02d256514825202bb266bc.php
6:32:43 PM [vite] page reload storage/framework/views/cd5888d38d65cb0e3b02d256514825202bb266bc.php
6:32:43 PM [vite] page reload storage/framework/views/cd5888d38d65cb0e3b02d256514825202bb266bc.php
6:32:44 PM [vite] page reload storage/framework/views/cd5888d38d65cb0e3b02d256514825202bb266bc.php
6:32:52 PM [vite] page reload resources/views/customer.blade.php
6:32:52 PM [vite] page reload resources/views/customer.blade.php
6:32:52 PM [vite] page reload storage/framework/views/cd5888d38d65cb0e3b02d256514825202bb266bc.php
6:32:53 PM [vite] page reload storage/framework/views/cd5888d38d65cb0e3b02d256514825202bb266bc.php
6:34:09 PM [vite] page reload resources/views/templates/layouts/base/sidebar.blade.php
6:34:09 PM [vite] page reload resources/views/templates/layouts/base/sidebar.blade.php
6:34:09 PM [vite] page reload resources/views/customer.blade.php
6:34:09 PM [vite] page reload resources/views/customer.blade.php
6:34:09 PM [vite] page reload storage/framework/views/cd5888d38d65cb0e3b02d256514825202bb266bc.php
6:34:09 PM [vite] page reload storage/framework/views/4afe5234322fdf06c2fd9fb57aa3183fd02d355f.php
6:34:10 PM [vite] page reload storage/framework/views/cd5888d38d65cb0e3b02d256514825202bb266bc.php
6:34:10 PM [vite] page reload storage/framework/views/4afe5234322fdf06c2fd9fb57aa3183fd02d355f.php
6:34:28 PM [vite] page reload resources/views/templates/layouts/base/sidebar.blade.php
6:34:28 PM [vite] page reload resources/views/templates/layouts/base/sidebar.blade.php
6:34:28 PM [vite] page reload storage/framework/views/4afe5234322fdf06c2fd9fb57aa3183fd02d355f.php
6:34:28 PM [vite] page reload storage/framework/views/4afe5234322fdf06c2fd9fb57aa3183fd02d355f.php
6:34:29 PM [vite] page reload storage/framework/views/4afe5234322fdf06c2fd9fb57aa3183fd02d355f.php
6:34:41 PM [vite] page reload resources/views/templates/layouts/base/sidebar.blade.php
6:34:41 PM [vite] page reload resources/views/templates/layouts/base/sidebar.blade.php
6:34:41 PM [vite] page reload storage/framework/views/4afe5234322fdf06c2fd9fb57aa3183fd02d355f.php
6:34:41 PM [vite] page reload storage/framework/views/4afe5234322fdf06c2fd9fb57aa3183fd02d355f.php
6:34:41 PM [vite] page reload storage/framework/views/4afe5234322fdf06c2fd9fb57aa3183fd02d355f.php
6:34:41 PM [vite] page reload storage/framework/views/4afe5234322fdf06c2fd9fb57aa3183fd02d355f.php
6:34:42 PM [vite] page reload storage/framework/views/4afe5234322fdf06c2fd9fb57aa3183fd02d355f.php
6:35:10 PM [vite] page reload resources/views/templates/layouts/base/sidebar.blade.php
6:35:10 PM [vite] page reload resources/views/templates/layouts/base/sidebar.blade.php
6:35:10 PM [vite] page reload storage/framework/views/4afe5234322fdf06c2fd9fb57aa3183fd02d355f.php
6:35:10 PM [vite] page reload storage/framework/views/4afe5234322fdf06c2fd9fb57aa3183fd02d355f.php
6:35:10 PM [vite] page reload storage/framework/views/4afe5234322fdf06c2fd9fb57aa3183fd02d355f.php
6:35:10 PM [vite] page reload storage/framework/views/4afe5234322fdf06c2fd9fb57aa3183fd02d355f.php
6:35:10 PM [vite] page reload storage/framework/views/4afe5234322fdf06c2fd9fb57aa3183fd02d355f.php
6:35:11 PM [vite] page reload storage/framework/views/4afe5234322fdf06c2fd9fb57aa3183fd02d355f.php
6:35:58 PM [vite] page reload resources/views/templates/layouts/base/sidebar.blade.php
6:35:58 PM [vite] page reload resources/views/templates/layouts/base/sidebar.blade.php
6:35:58 PM [vite] page reload storage/framework/views/4afe5234322fdf06c2fd9fb57aa3183fd02d355f.php
6:35:59 PM [vite] page reload storage/framework/views/4afe5234322fdf06c2fd9fb57aa3183fd02d355f.php
6:37:03 PM [vite] page reload resources/views/templates/layouts/base/sidebar.blade.php
6:37:03 PM [vite] page reload resources/views/templates/layouts/base/sidebar.blade.php
6:37:06 PM [vite] page reload storage/framework/views/4afe5234322fdf06c2fd9fb57aa3183fd02d355f.php
6:37:16 PM [vite] page reload resources/views/templates/layouts/base/sidebar.blade.php
6:37:16 PM [vite] page reload resources/views/templates/layouts/base/sidebar.blade.php
6:37:16 PM [vite] page reload storage/framework/views/4afe5234322fdf06c2fd9fb57aa3183fd02d355f.php
6:37:16 PM [vite] page reload storage/framework/views/4afe5234322fdf06c2fd9fb57aa3183fd02d355f.php
6:37:16 PM [vite] page reload storage/framework/views/4afe5234322fdf06c2fd9fb57aa3183fd02d355f.php
6:37:16 PM [vite] page reload storage/framework/views/4afe5234322fdf06c2fd9fb57aa3183fd02d355f.php
6:37:17 PM [vite] page reload storage/framework/views/4afe5234322fdf06c2fd9fb57aa3183fd02d355f.php
6:37:34 PM [vite] page reload resources/views/templates/layouts/base/sidebar.blade.php
6:37:34 PM [vite] page reload resources/views/templates/layouts/base/sidebar.blade.php
6:37:34 PM [vite] page reload storage/framework/views/4afe5234322fdf06c2fd9fb57aa3183fd02d355f.php
6:37:34 PM [vite] page reload storage/framework/views/4afe5234322fdf06c2fd9fb57aa3183fd02d355f.php
6:37:34 PM [vite] page reload storage/framework/views/4afe5234322fdf06c2fd9fb57aa3183fd02d355f.php
6:37:35 PM [vite] page reload storage/framework/views/4afe5234322fdf06c2fd9fb57aa3183fd02d355f.php
6:37:56 PM [vite] page reload resources/views/templates/layouts/base/sidebar.blade.php
6:37:56 PM [vite] page reload resources/views/templates/layouts/base/sidebar.blade.php
6:37:56 PM [vite] page reload storage/framework/views/4afe5234322fdf06c2fd9fb57aa3183fd02d355f.php
6:37:56 PM [vite] page reload storage/framework/views/4afe5234322fdf06c2fd9fb57aa3183fd02d355f.php
6:37:56 PM [vite] page reload storage/framework/views/4afe5234322fdf06c2fd9fb57aa3183fd02d355f.php
6:37:56 PM [vite] page reload storage/framework/views/4afe5234322fdf06c2fd9fb57aa3183fd02d355f.php
6:37:56 PM [vite] page reload storage/framework/views/4afe5234322fdf06c2fd9fb57aa3183fd02d355f.php
6:37:57 PM [vite] page reload storage/framework/views/4afe5234322fdf06c2fd9fb57aa3183fd02d355f.php
6:38:15 PM [vite] page reload resources/views/templates/layouts/base/sidebar.blade.php
6:38:15 PM [vite] page reload resources/views/templates/layouts/base/sidebar.blade.php
6:38:16 PM [vite] page reload storage/framework/views/4afe5234322fdf06c2fd9fb57aa3183fd02d355f.php
6:38:59 PM [vite] page reload resources/views/templates/layouts/base/sidebar.blade.php
6:38:59 PM [vite] page reload resources/views/templates/layouts/base/sidebar.blade.php
6:38:59 PM [vite] page reload storage/framework/views/4afe5234322fdf06c2fd9fb57aa3183fd02d355f.php
6:38:59 PM [vite] page reload storage/framework/views/4afe5234322fdf06c2fd9fb57aa3183fd02d355f.php
6:38:59 PM [vite] page reload storage/framework/views/4afe5234322fdf06c2fd9fb57aa3183fd02d355f.php
6:39:00 PM [vite] page reload storage/framework/views/4afe5234322fdf06c2fd9fb57aa3183fd02d355f.php
6:39:09 PM [vite] page reload resources/views/templates/layouts/base/sidebar.blade.php
6:39:09 PM [vite] page reload resources/views/templates/layouts/base/sidebar.blade.php
6:39:09 PM [vite] page reload storage/framework/views/4afe5234322fdf06c2fd9fb57aa3183fd02d355f.php
6:39:09 PM [vite] page reload storage/framework/views/4afe5234322fdf06c2fd9fb57aa3183fd02d355f.php
6:39:09 PM [vite] page reload storage/framework/views/4afe5234322fdf06c2fd9fb57aa3183fd02d355f.php
6:39:10 PM [vite] page reload storage/framework/views/4afe5234322fdf06c2fd9fb57aa3183fd02d355f.php
6:39:51 PM [vite] page reload resources/views/templates/layouts/base/sidebar.blade.php
6:39:51 PM [vite] page reload resources/views/templates/layouts/base/sidebar.blade.php
6:39:52 PM [vite] page reload storage/framework/views/4afe5234322fdf06c2fd9fb57aa3183fd02d355f.php
6:40:16 PM [vite] page reload resources/views/templates/layouts/base/sidebar.blade.php
6:40:16 PM [vite] page reload resources/views/templates/layouts/base/sidebar.blade.php
6:40:16 PM [vite] page reload storage/framework/views/4afe5234322fdf06c2fd9fb57aa3183fd02d355f.php
6:40:17 PM [vite] page reload storage/framework/views/4afe5234322fdf06c2fd9fb57aa3183fd02d355f.php
6:42:29 PM [vite] page reload resources/views/templates/layouts/base/sidebar.blade.php
6:42:29 PM [vite] page reload resources/views/templates/layouts/base/sidebar.blade.php
6:42:29 PM [vite] page reload storage/framework/views/4afe5234322fdf06c2fd9fb57aa3183fd02d355f.php
6:42:30 PM [vite] page reload storage/framework/views/4afe5234322fdf06c2fd9fb57aa3183fd02d355f.php
6:42:43 PM [vite] page reload resources/views/templates/layouts/base/sidebar.blade.php
6:42:43 PM [vite] page reload resources/views/templates/layouts/base/sidebar.blade.php
6:42:43 PM [vite] page reload storage/framework/views/4afe5234322fdf06c2fd9fb57aa3183fd02d355f.php
6:42:43 PM [vite] page reload storage/framework/views/4afe5234322fdf06c2fd9fb57aa3183fd02d355f.php
6:42:43 PM [vite] page reload storage/framework/views/4afe5234322fdf06c2fd9fb57aa3183fd02d355f.php
6:42:43 PM [vite] page reload storage/framework/views/4afe5234322fdf06c2fd9fb57aa3183fd02d355f.php
6:42:44 PM [vite] page reload storage/framework/views/4afe5234322fdf06c2fd9fb57aa3183fd02d355f.php
6:43:07 PM [vite] page reload resources/views/templates/layouts/base/sidebar.blade.php
6:43:07 PM [vite] page reload resources/views/templates/layouts/base/sidebar.blade.php
6:43:07 PM [vite] page reload storage/framework/views/4afe5234322fdf06c2fd9fb57aa3183fd02d355f.php
6:43:07 PM [vite] page reload storage/framework/views/4afe5234322fdf06c2fd9fb57aa3183fd02d355f.php
6:43:07 PM [vite] page reload storage/framework/views/4afe5234322fdf06c2fd9fb57aa3183fd02d355f.php
6:43:08 PM [vite] page reload storage/framework/views/4afe5234322fdf06c2fd9fb57aa3183fd02d355f.php
6:44:25 PM [vite] page reload resources/views/templates/layouts/base/sidebar.blade.php
6:44:25 PM [vite] page reload resources/views/templates/layouts/base/sidebar.blade.php
6:44:26 PM [vite] page reload storage/framework/views/4afe5234322fdf06c2fd9fb57aa3183fd02d355f.php
6:44:52 PM [vite] page reload resources/views/templates/layouts/base/sidebar.blade.php
6:44:52 PM [vite] page reload resources/views/templates/layouts/base/sidebar.blade.php
6:44:52 PM [vite] page reload storage/framework/views/4afe5234322fdf06c2fd9fb57aa3183fd02d355f.php
6:44:52 PM [vite] page reload storage/framework/views/4afe5234322fdf06c2fd9fb57aa3183fd02d355f.php
6:44:52 PM [vite] page reload storage/framework/views/4afe5234322fdf06c2fd9fb57aa3183fd02d355f.php
6:44:52 PM [vite] page reload storage/framework/views/4afe5234322fdf06c2fd9fb57aa3183fd02d355f.php
6:44:53 PM [vite] page reload storage/framework/views/4afe5234322fdf06c2fd9fb57aa3183fd02d355f.php
6:44:53 PM [vite] page reload storage/framework/views/4afe5234322fdf06c2fd9fb57aa3183fd02d355f.php
6:45:04 PM [vite] page reload resources/views/templates/layouts/base/sidebar.blade.php
6:45:04 PM [vite] page reload resources/views/templates/layouts/base/sidebar.blade.php
6:45:04 PM [vite] page reload storage/framework/views/4afe5234322fdf06c2fd9fb57aa3183fd02d355f.php
6:45:04 PM [vite] page reload storage/framework/views/4afe5234322fdf06c2fd9fb57aa3183fd02d355f.php
6:45:04 PM [vite] page reload storage/framework/views/4afe5234322fdf06c2fd9fb57aa3183fd02d355f.php
6:45:04 PM [vite] page reload storage/framework/views/4afe5234322fdf06c2fd9fb57aa3183fd02d355f.php
6:45:04 PM [vite] page reload storage/framework/views/4afe5234322fdf06c2fd9fb57aa3183fd02d355f.php
6:45:04 PM [vite] page reload storage/framework/views/4afe5234322fdf06c2fd9fb57aa3183fd02d355f.php
6:45:05 PM [vite] page reload storage/framework/views/4afe5234322fdf06c2fd9fb57aa3183fd02d355f.php
6:45:31 PM [vite] page reload resources/views/templates/layouts/base/sidebar.blade.php
6:45:31 PM [vite] page reload resources/views/templates/layouts/base/sidebar.blade.php
6:45:31 PM [vite] page reload storage/framework/views/4afe5234322fdf06c2fd9fb57aa3183fd02d355f.php
6:45:31 PM [vite] page reload storage/framework/views/4afe5234322fdf06c2fd9fb57aa3183fd02d355f.php
6:45:31 PM [vite] page reload storage/framework/views/4afe5234322fdf06c2fd9fb57aa3183fd02d355f.php
6:45:31 PM [vite] page reload storage/framework/views/4afe5234322fdf06c2fd9fb57aa3183fd02d355f.php
6:45:31 PM [vite] page reload storage/framework/views/4afe5234322fdf06c2fd9fb57aa3183fd02d355f.php
6:45:32 PM [vite] page reload storage/framework/views/4afe5234322fdf06c2fd9fb57aa3183fd02d355f.php
6:47:03 PM [vite] page reload resources/views/templates/layouts/base/app.blade.php
6:47:03 PM [vite] page reload resources/views/templates/layouts/base/app.blade.php
6:47:07 PM [vite] page reload storage/framework/views/b5e98919b2de2f8483264b0a4acf30a4bf48d109.php
6:47:20 PM [vite] page reload resources/views/templates/layouts/base/app.blade.php
6:47:20 PM [vite] page reload resources/views/templates/layouts/base/app.blade.php
6:47:20 PM [vite] page reload storage/framework/views/b5e98919b2de2f8483264b0a4acf30a4bf48d109.php
6:47:20 PM [vite] page reload storage/framework/views/b5e98919b2de2f8483264b0a4acf30a4bf48d109.php
6:47:20 PM [vite] page reload storage/framework/views/b5e98919b2de2f8483264b0a4acf30a4bf48d109.php
6:47:20 PM [vite] page reload storage/framework/views/b5e98919b2de2f8483264b0a4acf30a4bf48d109.php
6:47:21 PM [vite] page reload storage/framework/views/b5e98919b2de2f8483264b0a4acf30a4bf48d109.php
6:47:33 PM [vite] page reload resources/views/dashboard.blade.php
6:47:33 PM [vite] page reload resources/views/dashboard.blade.php
6:47:33 PM [vite] page reload storage/framework/views/5a20926239d9529e64ab049d0fa7e6dcfa36916b.php
6:47:33 PM [vite] page reload storage/framework/views/5a20926239d9529e64ab049d0fa7e6dcfa36916b.php
6:47:33 PM [vite] page reload storage/framework/views/5a20926239d9529e64ab049d0fa7e6dcfa36916b.php
6:47:33 PM [vite] page reload storage/framework/views/5a20926239d9529e64ab049d0fa7e6dcfa36916b.php
6:47:34 PM [vite] page reload storage/framework/views/5a20926239d9529e64ab049d0fa7e6dcfa36916b.php
6:48:17 PM [vite] page reload resources/views/templates/layouts/csutomer/followers.blade.php
6:48:20 PM [vite] page reload resources/views/templates/layouts/csutomer/customer.blade.php
6:48:20 PM [vite] page reload resources/views/customer.blade.php
6:49:21 PM [vite] page reload resources/views/templates/layouts/customer/customer.blade.php
6:49:21 PM [vite] page reload resources/views/templates/layouts/customer/followers.blade.php
6:49:21 PM [vite] page reload resources/views/templates/layouts/csutomer/followers.blade.php
6:49:21 PM [vite] page reload resources/views/templates/layouts/csutomer/customer.blade.php
6:49:59 PM [vite] page reload resources/views/templates/layouts/customer/customer.blade.php
6:49:59 PM [vite] page reload resources/views/templates/layouts/customer/followers.blade.php
6:49:59 PM [vite] page reload resources/views/templates/customer/customer.blade.php
6:49:59 PM [vite] page reload resources/views/templates/customer/followers.blade.php
6:50:59 PM [vite] page reload resources/views/templates/customer/app.blade.php
6:50:59 PM [vite] page reload resources/views/templates/customer/customer.blade.php
6:51:00 PM [vite] page reload storage/framework/views/cd5888d38d65cb0e3b02d256514825202bb266bc.php
6:51:00 PM [vite] page reload storage/framework/views/b247693d2f547156ba8afadff7e99141075e158e.php
6:51:00 PM [vite] page reload storage/framework/views/b9edd7869f6d262be41f4f20b32828dba977cdb9.php
7:26:05 PM [vite] page reload resources/views/templates/customer/app.blade.php
7:26:05 PM [vite] page reload resources/views/templates/customer/app.blade.php
7:34:28 PM [vite] page reload resources/views/dashboard.blade.php
7:34:28 PM [vite] page reload resources/views/dashboard.blade.php
7:34:28 PM [vite] page reload storage/framework/views/5a20926239d9529e64ab049d0fa7e6dcfa36916b.php
7:34:28 PM [vite] page reload storage/framework/views/5a20926239d9529e64ab049d0fa7e6dcfa36916b.php
7:34:28 PM [vite] page reload storage/framework/views/5a20926239d9529e64ab049d0fa7e6dcfa36916b.php
7:34:28 PM [vite] page reload storage/framework/views/5a20926239d9529e64ab049d0fa7e6dcfa36916b.php
7:34:29 PM [vite] page reload storage/framework/views/5a20926239d9529e64ab049d0fa7e6dcfa36916b.php
7:35:55 PM [vite] page reload resources/views/dashboard.blade.php
7:35:55 PM [vite] page reload resources/views/dashboard.blade.php
7:35:55 PM [vite] page reload storage/framework/views/5a20926239d9529e64ab049d0fa7e6dcfa36916b.php
7:35:55 PM [vite] page reload storage/framework/views/5a20926239d9529e64ab049d0fa7e6dcfa36916b.php
7:35:55 PM [vite] page reload storage/framework/views/5a20926239d9529e64ab049d0fa7e6dcfa36916b.php
7:35:55 PM [vite] page reload storage/framework/views/5a20926239d9529e64ab049d0fa7e6dcfa36916b.php
7:35:56 PM [vite] page reload storage/framework/views/5a20926239d9529e64ab049d0fa7e6dcfa36916b.php
7:36:26 PM [vite] page reload resources/views/dashboard.blade.php
7:36:26 PM [vite] page reload resources/views/dashboard.blade.php
7:36:27 PM [vite] page reload storage/framework/views/5a20926239d9529e64ab049d0fa7e6dcfa36916b.php
7:36:53 PM [vite] page reload resources/views/templates/layouts/tweets/tweet.blade.php
7:37:31 PM [vite] page reload resources/views/templates/layouts/tweets/comment.blade.php
7:37:45 PM [vite] page reload resources/views/dashboard.blade.php
7:37:45 PM [vite] page reload resources/views/dashboard.blade.php
7:37:45 PM [vite] page reload storage/framework/views/5a20926239d9529e64ab049d0fa7e6dcfa36916b.php
7:37:45 PM [vite] page reload storage/framework/views/5a20926239d9529e64ab049d0fa7e6dcfa36916b.php
7:37:45 PM [vite] page reload storage/framework/views/5a20926239d9529e64ab049d0fa7e6dcfa36916b.php
7:37:45 PM [vite] page reload storage/framework/views/5a20926239d9529e64ab049d0fa7e6dcfa36916b.php
7:37:46 PM [vite] page reload storage/framework/views/5a20926239d9529e64ab049d0fa7e6dcfa36916b.php
7:38:34 PM [vite] page reload resources/views/templates/layouts/tweets/comment.blade.php
7:38:34 PM [vite] page reload resources/views/templates/layouts/tweets/comment.blade.php
7:39:09 PM [vite] page reload resources/views/dashboard.blade.php
7:39:09 PM [vite] page reload resources/views/dashboard.blade.php
7:39:09 PM [vite] page reload storage/framework/views/5a20926239d9529e64ab049d0fa7e6dcfa36916b.php
7:39:09 PM [vite] page reload storage/framework/views/06a3cb33eab21aa6fe0352543185c76d4314ad19.php
7:39:09 PM [vite] page reload storage/framework/views/5a20926239d9529e64ab049d0fa7e6dcfa36916b.php
7:39:10 PM [vite] page reload storage/framework/views/5a20926239d9529e64ab049d0fa7e6dcfa36916b.php
7:40:09 PM [vite] page reload resources/views/templates/layouts/tweets/comment.blade.php
7:40:09 PM [vite] page reload resources/views/templates/layouts/tweets/comment.blade.php
7:40:09 PM [vite] page reload storage/framework/views/06a3cb33eab21aa6fe0352543185c76d4314ad19.php
7:40:09 PM [vite] page reload storage/framework/views/06a3cb33eab21aa6fe0352543185c76d4314ad19.php
7:40:10 PM [vite] page reload storage/framework/views/06a3cb33eab21aa6fe0352543185c76d4314ad19.php
7:44:21 PM [vite] page reload resources/views/dashboard.blade.php
7:44:21 PM [vite] page reload resources/views/dashboard.blade.php
7:44:28 PM [vite] page reload storage/framework/views/5a20926239d9529e64ab049d0fa7e6dcfa36916b.php
7:44:36 PM [vite] page reload resources/views/templates/layouts/tweets/comment.blade.php
7:44:36 PM [vite] page reload resources/views/templates/layouts/tweets/comment.blade.php
7:44:36 PM [vite] page reload storage/framework/views/06a3cb33eab21aa6fe0352543185c76d4314ad19.php
7:44:36 PM [vite] page reload storage/framework/views/06a3cb33eab21aa6fe0352543185c76d4314ad19.php
7:44:36 PM [vite] page reload storage/framework/views/06a3cb33eab21aa6fe0352543185c76d4314ad19.php
7:44:37 PM [vite] page reload storage/framework/views/06a3cb33eab21aa6fe0352543185c76d4314ad19.php
7:48:15 PM [vite] page reload resources/views/dashboard.blade.php
7:48:15 PM [vite] page reload resources/views/dashboard.blade.php
7:48:22 PM [vite] page reload storage/framework/views/5a20926239d9529e64ab049d0fa7e6dcfa36916b.php
7:50:25 PM [vite] page reload resources/views/dashboard.blade.php
7:50:25 PM [vite] page reload resources/views/dashboard.blade.php
7:51:02 PM [vite] page reload resources/views/dashboard.blade.php
7:51:02 PM [vite] page reload resources/views/dashboard.blade.php
7:52:52 PM [vite] page reload resources/views/dashboard.blade.php
7:52:52 PM [vite] page reload resources/views/dashboard.blade.php
7:52:56 PM [vite] page reload storage/framework/views/5a20926239d9529e64ab049d0fa7e6dcfa36916b.php
7:53:40 PM [vite] page reload resources/views/dashboard.blade.php
7:53:40 PM [vite] page reload resources/views/dashboard.blade.php
7:53:40 PM [vite] page reload storage/framework/views/5a20926239d9529e64ab049d0fa7e6dcfa36916b.php
7:53:40 PM [vite] page reload storage/framework/views/5a20926239d9529e64ab049d0fa7e6dcfa36916b.php
7:53:40 PM [vite] page reload storage/framework/views/5a20926239d9529e64ab049d0fa7e6dcfa36916b.php
7:53:40 PM [vite] page reload storage/framework/views/5a20926239d9529e64ab049d0fa7e6dcfa36916b.php
7:53:40 PM [vite] page reload storage/framework/views/5a20926239d9529e64ab049d0fa7e6dcfa36916b.php
7:53:41 PM [vite] page reload storage/framework/views/5a20926239d9529e64ab049d0fa7e6dcfa36916b.php
7:56:57 PM [vite] page reload resources/views/dashboard.blade.php
7:56:57 PM [vite] page reload resources/views/dashboard.blade.php
7:57:00 PM [vite] page reload storage/framework/views/5a20926239d9529e64ab049d0fa7e6dcfa36916b.php
7:57:11 PM [vite] page reload resources/views/dashboard.blade.php
7:57:11 PM [vite] page reload resources/views/dashboard.blade.php
8:11:36 PM [vite] page reload resources/views/dashboard.blade.php
8:11:36 PM [vite] page reload resources/views/dashboard.blade.php
8:14:19 PM [vite] page reload resources/views/dashboard.blade.php
8:14:19 PM [vite] page reload resources/views/dashboard.blade.php
8:14:20 PM [vite] page reload storage/framework/views/5a20926239d9529e64ab049d0fa7e6dcfa36916b.php
8:14:44 PM [vite] page reload resources/views/dashboard.blade.php
8:14:44 PM [vite] page reload resources/views/dashboard.blade.php
8:14:44 PM [vite] page reload storage/framework/views/5a20926239d9529e64ab049d0fa7e6dcfa36916b.php
8:14:44 PM [vite] page reload storage/framework/views/5a20926239d9529e64ab049d0fa7e6dcfa36916b.php
8:14:44 PM [vite] page reload storage/framework/views/5a20926239d9529e64ab049d0fa7e6dcfa36916b.php
8:14:45 PM [vite] page reload storage/framework/views/5a20926239d9529e64ab049d0fa7e6dcfa36916b.php
8:15:15 PM [vite] page reload resources/views/dashboard.blade.php
8:15:15 PM [vite] page reload resources/views/dashboard.blade.php
8:15:16 PM [vite] page reload storage/framework/views/5a20926239d9529e64ab049d0fa7e6dcfa36916b.php
8:15:31 PM [vite] page reload resources/views/dashboard.blade.php
8:15:31 PM [vite] page reload resources/views/dashboard.blade.php
8:15:31 PM [vite] page reload storage/framework/views/5a20926239d9529e64ab049d0fa7e6dcfa36916b.php
8:15:32 PM [vite] page reload storage/framework/views/5a20926239d9529e64ab049d0fa7e6dcfa36916b.php
8:15:37 PM [vite] page reload resources/views/dashboard.blade.php
8:15:37 PM [vite] page reload resources/views/dashboard.blade.php
8:15:37 PM [vite] page reload storage/framework/views/5a20926239d9529e64ab049d0fa7e6dcfa36916b.php
8:15:37 PM [vite] page reload storage/framework/views/5a20926239d9529e64ab049d0fa7e6dcfa36916b.php
8:15:37 PM [vite] page reload storage/framework/views/5a20926239d9529e64ab049d0fa7e6dcfa36916b.php
8:15:38 PM [vite] page reload storage/framework/views/5a20926239d9529e64ab049d0fa7e6dcfa36916b.php
8:15:53 PM [vite] page reload resources/views/dashboard.blade.php
8:15:53 PM [vite] page reload resources/views/dashboard.blade.php
8:15:53 PM [vite] page reload storage/framework/views/5a20926239d9529e64ab049d0fa7e6dcfa36916b.php
8:15:53 PM [vite] page reload storage/framework/views/5a20926239d9529e64ab049d0fa7e6dcfa36916b.php
8:15:53 PM [vite] page reload storage/framework/views/5a20926239d9529e64ab049d0fa7e6dcfa36916b.php
8:15:54 PM [vite] page reload storage/framework/views/5a20926239d9529e64ab049d0fa7e6dcfa36916b.php
8:15:56 PM [vite] page reload resources/views/dashboard.blade.php
8:15:56 PM [vite] page reload resources/views/dashboard.blade.php
8:15:56 PM [vite] page reload storage/framework/views/5a20926239d9529e64ab049d0fa7e6dcfa36916b.php
8:15:57 PM [vite] page reload storage/framework/views/5a20926239d9529e64ab049d0fa7e6dcfa36916b.php
8:16:20 PM [vite] page reload resources/views/dashboard.blade.php
8:16:20 PM [vite] page reload resources/views/dashboard.blade.php
8:16:20 PM [vite] page reload storage/framework/views/5a20926239d9529e64ab049d0fa7e6dcfa36916b.php
8:16:20 PM [vite] page reload storage/framework/views/5a20926239d9529e64ab049d0fa7e6dcfa36916b.php
8:16:21 PM [vite] page reload storage/framework/views/5a20926239d9529e64ab049d0fa7e6dcfa36916b.php
8:16:32 PM [vite] page reload resources/views/dashboard.blade.php
8:16:32 PM [vite] page reload resources/views/dashboard.blade.php
8:16:32 PM [vite] page reload storage/framework/views/5a20926239d9529e64ab049d0fa7e6dcfa36916b.php
8:16:32 PM [vite] page reload storage/framework/views/5a20926239d9529e64ab049d0fa7e6dcfa36916b.php
8:16:33 PM [vite] page reload storage/framework/views/5a20926239d9529e64ab049d0fa7e6dcfa36916b.php
8:16:36 PM [vite] page reload resources/views/dashboard.blade.php
8:16:36 PM [vite] page reload resources/views/dashboard.blade.php
8:16:36 PM [vite] page reload storage/framework/views/5a20926239d9529e64ab049d0fa7e6dcfa36916b.php
8:16:36 PM [vite] page reload storage/framework/views/5a20926239d9529e64ab049d0fa7e6dcfa36916b.php
8:16:37 PM [vite] page reload storage/framework/views/5a20926239d9529e64ab049d0fa7e6dcfa36916b.php
8:16:50 PM [vite] page reload resources/views/dashboard.blade.php
8:16:50 PM [vite] page reload resources/views/dashboard.blade.php
8:16:51 PM [vite] page reload storage/framework/views/5a20926239d9529e64ab049d0fa7e6dcfa36916b.php
8:17:02 PM [vite] page reload resources/views/dashboard.blade.php
8:17:02 PM [vite] page reload resources/views/dashboard.blade.php
8:17:02 PM [vite] page reload storage/framework/views/5a20926239d9529e64ab049d0fa7e6dcfa36916b.php
8:17:02 PM [vite] page reload storage/framework/views/5a20926239d9529e64ab049d0fa7e6dcfa36916b.php
8:17:03 PM [vite] page reload storage/framework/views/5a20926239d9529e64ab049d0fa7e6dcfa36916b.php
8:17:10 PM [vite] page reload resources/views/dashboard.blade.php
8:17:10 PM [vite] page reload resources/views/dashboard.blade.php
8:17:11 PM [vite] page reload storage/framework/views/5a20926239d9529e64ab049d0fa7e6dcfa36916b.php
8:18:05 PM [vite] page reload resources/views/dashboard.blade.php
8:18:05 PM [vite] page reload resources/views/dashboard.blade.php
8:18:05 PM [vite] page reload storage/framework/views/5a20926239d9529e64ab049d0fa7e6dcfa36916b.php
8:18:05 PM [vite] page reload storage/framework/views/5a20926239d9529e64ab049d0fa7e6dcfa36916b.php
8:18:05 PM [vite] page reload storage/framework/views/5a20926239d9529e64ab049d0fa7e6dcfa36916b.php
8:18:05 PM [vite] page reload storage/framework/views/5a20926239d9529e64ab049d0fa7e6dcfa36916b.php
8:18:05 PM [vite] page reload storage/framework/views/5a20926239d9529e64ab049d0fa7e6dcfa36916b.php
8:18:06 PM [vite] page reload storage/framework/views/5a20926239d9529e64ab049d0fa7e6dcfa36916b.php
8:22:10 PM [vite] page reload resources/views/dashboard.blade.php
8:22:10 PM [vite] page reload resources/views/dashboard.blade.php
8:22:10 PM [vite] page reload storage/framework/views/5a20926239d9529e64ab049d0fa7e6dcfa36916b.php
8:22:10 PM [vite] page reload storage/framework/views/5a20926239d9529e64ab049d0fa7e6dcfa36916b.php
8:22:10 PM [vite] page reload storage/framework/views/5a20926239d9529e64ab049d0fa7e6dcfa36916b.php
8:22:10 PM [vite] page reload storage/framework/views/5a20926239d9529e64ab049d0fa7e6dcfa36916b.php
8:22:11 PM [vite] page reload storage/framework/views/5a20926239d9529e64ab049d0fa7e6dcfa36916b.php
8:22:20 PM [vite] page reload resources/views/dashboard.blade.php
8:22:20 PM [vite] page reload resources/views/dashboard.blade.php
8:22:21 PM [vite] page reload storage/framework/views/5a20926239d9529e64ab049d0fa7e6dcfa36916b.php
8:22:35 PM [vite] page reload resources/views/dashboard.blade.php
8:22:35 PM [vite] page reload resources/views/dashboard.blade.php
8:22:35 PM [vite] page reload storage/framework/views/5a20926239d9529e64ab049d0fa7e6dcfa36916b.php
8:22:35 PM [vite] page reload storage/framework/views/5a20926239d9529e64ab049d0fa7e6dcfa36916b.php
8:22:35 PM [vite] page reload storage/framework/views/5a20926239d9529e64ab049d0fa7e6dcfa36916b.php
8:22:35 PM [vite] page reload storage/framework/views/5a20926239d9529e64ab049d0fa7e6dcfa36916b.php
8:22:35 PM [vite] page reload storage/framework/views/5a20926239d9529e64ab049d0fa7e6dcfa36916b.php
8:22:36 PM [vite] page reload storage/framework/views/5a20926239d9529e64ab049d0fa7e6dcfa36916b.php
8:22:54 PM [vite] page reload resources/views/dashboard.blade.php
8:22:54 PM [vite] page reload resources/views/dashboard.blade.php
8:22:54 PM [vite] page reload storage/framework/views/5a20926239d9529e64ab049d0fa7e6dcfa36916b.php
8:22:54 PM [vite] page reload storage/framework/views/5a20926239d9529e64ab049d0fa7e6dcfa36916b.php
8:22:54 PM [vite] page reload storage/framework/views/5a20926239d9529e64ab049d0fa7e6dcfa36916b.php
8:22:54 PM [vite] page reload storage/framework/views/5a20926239d9529e64ab049d0fa7e6dcfa36916b.php
8:22:54 PM [vite] page reload storage/framework/views/5a20926239d9529e64ab049d0fa7e6dcfa36916b.php
8:22:55 PM [vite] page reload storage/framework/views/5a20926239d9529e64ab049d0fa7e6dcfa36916b.php
8:24:32 PM [vite] page reload resources/views/dashboard.blade.php
8:24:32 PM [vite] page reload resources/views/dashboard.blade.php
8:24:32 PM [vite] page reload storage/framework/views/5a20926239d9529e64ab049d0fa7e6dcfa36916b.php
8:24:33 PM [vite] page reload storage/framework/views/5a20926239d9529e64ab049d0fa7e6dcfa36916b.php
8:24:41 PM [vite] page reload resources/views/dashboard.blade.php
8:24:41 PM [vite] page reload resources/views/dashboard.blade.php
8:24:41 PM [vite] page reload storage/framework/views/5a20926239d9529e64ab049d0fa7e6dcfa36916b.php
8:24:41 PM [vite] page reload storage/framework/views/5a20926239d9529e64ab049d0fa7e6dcfa36916b.php
8:24:41 PM [vite] page reload storage/framework/views/5a20926239d9529e64ab049d0fa7e6dcfa36916b.php
8:24:41 PM [vite] page reload storage/framework/views/5a20926239d9529e64ab049d0fa7e6dcfa36916b.php
8:24:42 PM [vite] page reload storage/framework/views/5a20926239d9529e64ab049d0fa7e6dcfa36916b.php
8:26:10 PM [vite] page reload resources/views/templates/layouts/tweets/comment.blade.php
8:26:10 PM [vite] page reload resources/views/templates/layouts/tweets/comment.blade.php
8:26:11 PM [vite] page reload storage/framework/views/06a3cb33eab21aa6fe0352543185c76d4314ad19.php
8:27:00 PM [vite] page reload resources/views/dashboard.blade.php
8:27:00 PM [vite] page reload resources/views/dashboard.blade.php
8:29:21 PM [vite] page reload storage/framework/views/5a20926239d9529e64ab049d0fa7e6dcfa36916b.php
8:44:30 PM [vite] page reload routes/web.php
8:45:50 PM [vite] page reload routes/web.php
8:46:10 PM [vite] page reload routes/web.php
8:48:10 PM [vite] page reload routes/web.php
8:49:12 PM [vite] page reload routes/web.php
8:49:24 PM [vite] page reload routes/web.php
9:08:29 PM [vite] page reload resources/views/templates/customer/app.blade.php
9:08:29 PM [vite] page reload resources/views/templates/customer/app.blade.php
9:08:29 PM [vite] page reload storage/framework/views/7e317b09e579016d99ac154ec5db26a6877ce919.php
9:08:30 PM [vite] page reload storage/framework/views/7e317b09e579016d99ac154ec5db26a6877ce919.php
9:08:49 PM [vite] page reload resources/views/templates/customer/app.blade.php
9:08:49 PM [vite] page reload resources/views/templates/customer/app.blade.php
9:08:49 PM [vite] page reload storage/framework/views/7e317b09e579016d99ac154ec5db26a6877ce919.php
9:08:49 PM [vite] page reload storage/framework/views/7e317b09e579016d99ac154ec5db26a6877ce919.php
9:08:49 PM [vite] page reload storage/framework/views/7e317b09e579016d99ac154ec5db26a6877ce919.php
9:08:50 PM [vite] page reload storage/framework/views/7e317b09e579016d99ac154ec5db26a6877ce919.php
9:09:10 PM [vite] page reload resources/views/templates/customer/app.blade.php
9:09:10 PM [vite] page reload resources/views/templates/customer/app.blade.php
9:09:10 PM [vite] page reload storage/framework/views/7e317b09e579016d99ac154ec5db26a6877ce919.php
9:09:10 PM [vite] page reload storage/framework/views/7e317b09e579016d99ac154ec5db26a6877ce919.php
9:09:10 PM [vite] page reload storage/framework/views/7e317b09e579016d99ac154ec5db26a6877ce919.php
9:09:10 PM [vite] page reload storage/framework/views/7e317b09e579016d99ac154ec5db26a6877ce919.php
9:09:11 PM [vite] page reload storage/framework/views/7e317b09e579016d99ac154ec5db26a6877ce919.php
9:09:26 PM [vite] page reload resources/views/templates/customer/app.blade.php
9:09:26 PM [vite] page reload resources/views/templates/customer/app.blade.php
9:09:26 PM [vite] page reload storage/framework/views/7e317b09e579016d99ac154ec5db26a6877ce919.php
9:09:26 PM [vite] page reload storage/framework/views/7e317b09e579016d99ac154ec5db26a6877ce919.php
9:09:26 PM [vite] page reload storage/framework/views/7e317b09e579016d99ac154ec5db26a6877ce919.php
9:09:26 PM [vite] page reload storage/framework/views/7e317b09e579016d99ac154ec5db26a6877ce919.php
9:09:26 PM [vite] page reload storage/framework/views/7e317b09e579016d99ac154ec5db26a6877ce919.php
9:09:26 PM [vite] page reload storage/framework/views/7e317b09e579016d99ac154ec5db26a6877ce919.php
9:09:27 PM [vite] page reload storage/framework/views/7e317b09e579016d99ac154ec5db26a6877ce919.php
9:09:57 PM [vite] page reload resources/views/templates/customer/app.blade.php
9:09:57 PM [vite] page reload resources/views/templates/customer/app.blade.php
9:09:58 PM [vite] page reload storage/framework/views/7e317b09e579016d99ac154ec5db26a6877ce919.php
9:10:18 PM [vite] page reload resources/views/templates/customer/app.blade.php
9:10:18 PM [vite] page reload resources/views/templates/customer/app.blade.php
9:10:18 PM [vite] page reload storage/framework/views/7e317b09e579016d99ac154ec5db26a6877ce919.php
9:10:18 PM [vite] page reload storage/framework/views/7e317b09e579016d99ac154ec5db26a6877ce919.php
9:10:18 PM [vite] page reload storage/framework/views/7e317b09e579016d99ac154ec5db26a6877ce919.php
9:10:19 PM [vite] page reload storage/framework/views/7e317b09e579016d99ac154ec5db26a6877ce919.php
9:10:52 PM [vite] page reload resources/views/templates/customer/app.blade.php
9:10:52 PM [vite] page reload resources/views/templates/customer/app.blade.php
9:10:52 PM [vite] page reload storage/framework/views/7e317b09e579016d99ac154ec5db26a6877ce919.php
9:10:52 PM [vite] page reload storage/framework/views/7e317b09e579016d99ac154ec5db26a6877ce919.php
9:10:52 PM [vite] page reload storage/framework/views/7e317b09e579016d99ac154ec5db26a6877ce919.php
9:10:53 PM [vite] page reload storage/framework/views/7e317b09e579016d99ac154ec5db26a6877ce919.php
9:11:09 PM [vite] page reload resources/views/templates/customer/app.blade.php
9:11:09 PM [vite] page reload resources/views/templates/customer/app.blade.php
9:11:09 PM [vite] page reload storage/framework/views/7e317b09e579016d99ac154ec5db26a6877ce919.php
9:11:09 PM [vite] page reload storage/framework/views/7e317b09e579016d99ac154ec5db26a6877ce919.php
9:11:09 PM [vite] page reload storage/framework/views/7e317b09e579016d99ac154ec5db26a6877ce919.php
9:11:10 PM [vite] page reload storage/framework/views/7e317b09e579016d99ac154ec5db26a6877ce919.php
9:12:57 PM [vite] page reload resources/views/templates/customer/app.blade.php
9:12:57 PM [vite] page reload resources/views/templates/customer/app.blade.php
9:12:57 PM [vite] page reload storage/framework/views/7e317b09e579016d99ac154ec5db26a6877ce919.php
9:12:57 PM [vite] page reload storage/framework/views/7e317b09e579016d99ac154ec5db26a6877ce919.php
9:12:57 PM [vite] page reload storage/framework/views/7e317b09e579016d99ac154ec5db26a6877ce919.php
9:12:57 PM [vite] page reload storage/framework/views/7e317b09e579016d99ac154ec5db26a6877ce919.php
9:12:58 PM [vite] page reload storage/framework/views/7e317b09e579016d99ac154ec5db26a6877ce919.php
9:13:06 PM [vite] page reload resources/views/templates/customer/app.blade.php
9:13:06 PM [vite] page reload resources/views/templates/customer/app.blade.php
9:13:06 PM [vite] page reload storage/framework/views/7e317b09e579016d99ac154ec5db26a6877ce919.php
9:13:06 PM [vite] page reload storage/framework/views/7e317b09e579016d99ac154ec5db26a6877ce919.php
9:13:06 PM [vite] page reload storage/framework/views/7e317b09e579016d99ac154ec5db26a6877ce919.php
9:13:06 PM [vite] page reload storage/framework/views/7e317b09e579016d99ac154ec5db26a6877ce919.php
9:13:06 PM [vite] page reload storage/framework/views/7e317b09e579016d99ac154ec5db26a6877ce919.php
9:13:07 PM [vite] page reload storage/framework/views/7e317b09e579016d99ac154ec5db26a6877ce919.php
9:13:43 PM [vite] page reload resources/views/templates/customer/app.blade.php
9:13:43 PM [vite] page reload resources/views/templates/customer/app.blade.php
9:13:43 PM [vite] page reload storage/framework/views/7e317b09e579016d99ac154ec5db26a6877ce919.php
9:13:43 PM [vite] page reload storage/framework/views/7e317b09e579016d99ac154ec5db26a6877ce919.php
9:13:44 PM [vite] page reload storage/framework/views/7e317b09e579016d99ac154ec5db26a6877ce919.php
9:13:51 PM [vite] page reload resources/views/templates/customer/app.blade.php
9:13:51 PM [vite] page reload resources/views/templates/customer/app.blade.php
9:13:51 PM [vite] page reload storage/framework/views/7e317b09e579016d99ac154ec5db26a6877ce919.php
9:13:51 PM [vite] page reload storage/framework/views/7e317b09e579016d99ac154ec5db26a6877ce919.php
9:13:51 PM [vite] page reload storage/framework/views/7e317b09e579016d99ac154ec5db26a6877ce919.php
9:13:51 PM [vite] page reload storage/framework/views/7e317b09e579016d99ac154ec5db26a6877ce919.php
9:13:52 PM [vite] page reload storage/framework/views/7e317b09e579016d99ac154ec5db26a6877ce919.php
9:14:08 PM [vite] page reload resources/views/templates/customer/app.blade.php
9:14:08 PM [vite] page reload resources/views/templates/customer/app.blade.php
9:14:08 PM [vite] page reload storage/framework/views/7e317b09e579016d99ac154ec5db26a6877ce919.php
9:14:08 PM [vite] page reload storage/framework/views/7e317b09e579016d99ac154ec5db26a6877ce919.php
9:14:09 PM [vite] page reload storage/framework/views/7e317b09e579016d99ac154ec5db26a6877ce919.php
9:14:17 PM [vite] page reload resources/views/templates/customer/app.blade.php
9:14:17 PM [vite] page reload resources/views/templates/customer/app.blade.php
9:14:17 PM [vite] page reload storage/framework/views/7e317b09e579016d99ac154ec5db26a6877ce919.php
9:14:17 PM [vite] page reload storage/framework/views/7e317b09e579016d99ac154ec5db26a6877ce919.php
9:14:17 PM [vite] page reload storage/framework/views/7e317b09e579016d99ac154ec5db26a6877ce919.php
9:14:17 PM [vite] page reload storage/framework/views/7e317b09e579016d99ac154ec5db26a6877ce919.php
9:14:17 PM [vite] page reload storage/framework/views/7e317b09e579016d99ac154ec5db26a6877ce919.php
9:14:17 PM [vite] page reload storage/framework/views/7e317b09e579016d99ac154ec5db26a6877ce919.php
9:14:18 PM [vite] page reload storage/framework/views/7e317b09e579016d99ac154ec5db26a6877ce919.php
9:15:05 PM [vite] page reload resources/views/templates/customer/about.blade.php
9:15:12 PM [vite] page reload resources/views/templates/customer/about.blade.php
9:15:12 PM [vite] page reload resources/views/templates/customer/app.blade.php
9:15:12 PM [vite] page reload resources/views/templates/customer/app.blade.php
9:15:12 PM [vite] page reload storage/framework/views/7e317b09e579016d99ac154ec5db26a6877ce919.php
9:15:12 PM [vite] page reload storage/framework/views/7e317b09e579016d99ac154ec5db26a6877ce919.php
9:15:13 PM [vite] page reload storage/framework/views/7e317b09e579016d99ac154ec5db26a6877ce919.php
9:16:06 PM [vite] page reload resources/views/templates/customer/app.blade.php
9:16:06 PM [vite] page reload resources/views/templates/customer/app.blade.php
9:16:06 PM [vite] page reload storage/framework/views/7e317b09e579016d99ac154ec5db26a6877ce919.php
9:16:06 PM [vite] page reload storage/framework/views/7e317b09e579016d99ac154ec5db26a6877ce919.php
9:16:06 PM [vite] page reload storage/framework/views/7e317b09e579016d99ac154ec5db26a6877ce919.php
9:16:06 PM [vite] page reload storage/framework/views/7e317b09e579016d99ac154ec5db26a6877ce919.php
9:16:06 PM [vite] page reload storage/framework/views/7e317b09e579016d99ac154ec5db26a6877ce919.php
9:16:07 PM [vite] page reload storage/framework/views/7e317b09e579016d99ac154ec5db26a6877ce919.php
9:16:47 PM [vite] page reload resources/views/templates/customer/app.blade.php
9:16:47 PM [vite] page reload resources/views/templates/customer/app.blade.php
9:16:47 PM [vite] page reload storage/framework/views/7e317b09e579016d99ac154ec5db26a6877ce919.php
9:16:47 PM [vite] page reload storage/framework/views/7e317b09e579016d99ac154ec5db26a6877ce919.php
9:16:47 PM [vite] page reload storage/framework/views/7e317b09e579016d99ac154ec5db26a6877ce919.php
9:16:47 PM [vite] page reload storage/framework/views/7e317b09e579016d99ac154ec5db26a6877ce919.php
9:16:48 PM [vite] page reload storage/framework/views/7e317b09e579016d99ac154ec5db26a6877ce919.php
9:23:32 PM [vite] page reload resources/views/templates/customer/app.blade.php
9:23:32 PM [vite] page reload resources/views/templates/customer/app.blade.php
9:23:32 PM [vite] page reload storage/framework/views/7e317b09e579016d99ac154ec5db26a6877ce919.php
9:23:32 PM [vite] page reload storage/framework/views/7e317b09e579016d99ac154ec5db26a6877ce919.php
9:23:32 PM [vite] page reload storage/framework/views/7e317b09e579016d99ac154ec5db26a6877ce919.php
9:23:33 PM [vite] page reload storage/framework/views/7e317b09e579016d99ac154ec5db26a6877ce919.php
9:23:53 PM [vite] page reload resources/views/templates/customer/app.blade.php
9:23:53 PM [vite] page reload resources/views/templates/customer/app.blade.php
9:23:53 PM [vite] page reload storage/framework/views/7e317b09e579016d99ac154ec5db26a6877ce919.php
9:23:53 PM [vite] page reload storage/framework/views/7e317b09e579016d99ac154ec5db26a6877ce919.php
9:23:53 PM [vite] page reload storage/framework/views/7e317b09e579016d99ac154ec5db26a6877ce919.php
9:23:53 PM [vite] page reload storage/framework/views/7e317b09e579016d99ac154ec5db26a6877ce919.php
9:23:53 PM [vite] page reload storage/framework/views/7e317b09e579016d99ac154ec5db26a6877ce919.php
9:23:54 PM [vite] page reload storage/framework/views/7e317b09e579016d99ac154ec5db26a6877ce919.php
9:24:34 PM [vite] page reload resources/views/templates/layouts/tweets/comments.blade.php
9:24:49 PM [vite] page reload resources/views/templates/customer/app.blade.php
9:24:49 PM [vite] page reload resources/views/templates/customer/app.blade.php
9:24:49 PM [vite] page reload resources/views/templates/layouts/tweets/comments.blade.php
9:24:49 PM [vite] page reload storage/framework/views/7e317b09e579016d99ac154ec5db26a6877ce919.php
9:24:49 PM [vite] page reload storage/framework/views/7e317b09e579016d99ac154ec5db26a6877ce919.php
9:24:50 PM [vite] page reload storage/framework/views/7e317b09e579016d99ac154ec5db26a6877ce919.php
9:24:57 PM [vite] page reload resources/views/templates/customer/app.blade.php
9:24:57 PM [vite] page reload resources/views/templates/customer/app.blade.php
9:24:57 PM [vite] page reload storage/framework/views/7e317b09e579016d99ac154ec5db26a6877ce919.php
9:24:57 PM [vite] page reload storage/framework/views/7e317b09e579016d99ac154ec5db26a6877ce919.php
9:24:57 PM [vite] page reload storage/framework/views/7e317b09e579016d99ac154ec5db26a6877ce919.php
9:24:57 PM [vite] page reload storage/framework/views/7e317b09e579016d99ac154ec5db26a6877ce919.php
9:24:57 PM [vite] page reload storage/framework/views/7e317b09e579016d99ac154ec5db26a6877ce919.php
9:24:58 PM [vite] page reload storage/framework/views/7e317b09e579016d99ac154ec5db26a6877ce919.php
9:26:01 PM [vite] page reload resources/views/templates/customer/app.blade.php
9:26:01 PM [vite] page reload resources/views/templates/customer/app.blade.php
9:26:02 PM [vite] page reload storage/framework/views/7e317b09e579016d99ac154ec5db26a6877ce919.php
9:27:39 PM [vite] page reload resources/views/templates/customer/app.blade.php
9:27:39 PM [vite] page reload resources/views/templates/customer/app.blade.php
9:27:40 PM [vite] page reload storage/framework/views/7e317b09e579016d99ac154ec5db26a6877ce919.php
9:34:38 PM [vite] page reload resources/views/templates/customer/app.blade.php
9:34:38 PM [vite] page reload resources/views/templates/customer/app.blade.php
9:34:38 PM [vite] page reload storage/framework/views/7e317b09e579016d99ac154ec5db26a6877ce919.php
9:34:38 PM [vite] page reload storage/framework/views/7e317b09e579016d99ac154ec5db26a6877ce919.php
9:34:38 PM [vite] page reload storage/framework/views/7e317b09e579016d99ac154ec5db26a6877ce919.php
9:34:39 PM [vite] page reload storage/framework/views/7e317b09e579016d99ac154ec5db26a6877ce919.php
9:35:30 PM [vite] page reload resources/views/templates/layouts/base/app.blade.php
9:35:30 PM [vite] page reload resources/views/templates/layouts/base/app.blade.php
9:35:30 PM [vite] page reload storage/framework/views/b5e98919b2de2f8483264b0a4acf30a4bf48d109.php
9:35:30 PM [vite] page reload storage/framework/views/b5e98919b2de2f8483264b0a4acf30a4bf48d109.php
9:35:30 PM [vite] page reload storage/framework/views/b5e98919b2de2f8483264b0a4acf30a4bf48d109.php
9:35:30 PM [vite] page reload storage/framework/views/b5e98919b2de2f8483264b0a4acf30a4bf48d109.php
9:35:30 PM [vite] page reload storage/framework/views/b5e98919b2de2f8483264b0a4acf30a4bf48d109.php
9:35:30 PM [vite] page reload storage/framework/views/b5e98919b2de2f8483264b0a4acf30a4bf48d109.php
9:35:31 PM [vite] page reload storage/framework/views/b5e98919b2de2f8483264b0a4acf30a4bf48d109.php
9:35:32 PM [vite] page reload resources/views/templates/layouts/base/app.blade.php
9:35:32 PM [vite] page reload resources/views/templates/layouts/base/app.blade.php
9:35:33 PM [vite] page reload storage/framework/views/b5e98919b2de2f8483264b0a4acf30a4bf48d109.php
9:35:40 PM [vite] page reload resources/views/templates/layouts/base/app.blade.php
9:35:40 PM [vite] page reload resources/views/templates/layouts/base/app.blade.php
9:35:40 PM [vite] page reload storage/framework/views/b5e98919b2de2f8483264b0a4acf30a4bf48d109.php
9:35:41 PM [vite] page reload storage/framework/views/b5e98919b2de2f8483264b0a4acf30a4bf48d109.php
9:35:52 PM [vite] page reload resources/views/templates/layouts/base/app.blade.php
9:35:52 PM [vite] page reload resources/views/templates/layouts/base/app.blade.php
9:35:52 PM [vite] page reload storage/framework/views/b5e98919b2de2f8483264b0a4acf30a4bf48d109.php
9:35:52 PM [vite] page reload storage/framework/views/b5e98919b2de2f8483264b0a4acf30a4bf48d109.php
9:35:52 PM [vite] page reload storage/framework/views/b5e98919b2de2f8483264b0a4acf30a4bf48d109.php
9:35:52 PM [vite] page reload storage/framework/views/b5e98919b2de2f8483264b0a4acf30a4bf48d109.php
9:35:52 PM [vite] page reload storage/framework/views/b5e98919b2de2f8483264b0a4acf30a4bf48d109.php
9:35:53 PM [vite] page reload storage/framework/views/b5e98919b2de2f8483264b0a4acf30a4bf48d109.php
9:37:31 PM [vite] page reload resources/views/templates/layouts/base/app.blade.php
9:37:31 PM [vite] page reload resources/views/templates/layouts/base/app.blade.php
9:37:31 PM [vite] page reload resources/views/dashboard.blade.php
9:37:31 PM [vite] page reload resources/views/dashboard.blade.php
9:37:31 PM [vite] page reload storage/framework/views/5a20926239d9529e64ab049d0fa7e6dcfa36916b.php
9:37:31 PM [vite] page reload storage/framework/views/b5e98919b2de2f8483264b0a4acf30a4bf48d109.php
9:37:31 PM [vite] page reload storage/framework/views/5a20926239d9529e64ab049d0fa7e6dcfa36916b.php
9:37:31 PM [vite] page reload storage/framework/views/b5e98919b2de2f8483264b0a4acf30a4bf48d109.php
9:37:31 PM [vite] page reload storage/framework/views/5a20926239d9529e64ab049d0fa7e6dcfa36916b.php
9:37:31 PM [vite] page reload storage/framework/views/b5e98919b2de2f8483264b0a4acf30a4bf48d109.php
9:37:31 PM [vite] page reload storage/framework/views/5a20926239d9529e64ab049d0fa7e6dcfa36916b.php
9:37:32 PM [vite] page reload storage/framework/views/b5e98919b2de2f8483264b0a4acf30a4bf48d109.php
9:37:32 PM [vite] page reload storage/framework/views/5a20926239d9529e64ab049d0fa7e6dcfa36916b.php
9:37:48 PM [vite] page reload resources/views/dashboard.blade.php
9:37:48 PM [vite] page reload resources/views/dashboard.blade.php
9:37:48 PM [vite] page reload storage/framework/views/5a20926239d9529e64ab049d0fa7e6dcfa36916b.php
9:37:48 PM [vite] page reload storage/framework/views/5a20926239d9529e64ab049d0fa7e6dcfa36916b.php
9:37:49 PM [vite] page reload storage/framework/views/5a20926239d9529e64ab049d0fa7e6dcfa36916b.php
9:37:51 PM [vite] page reload resources/views/dashboard.blade.php
9:37:51 PM [vite] page reload resources/views/dashboard.blade.php
9:37:51 PM [vite] page reload storage/framework/views/5a20926239d9529e64ab049d0fa7e6dcfa36916b.php
9:37:51 PM [vite] page reload storage/framework/views/5a20926239d9529e64ab049d0fa7e6dcfa36916b.php
9:37:52 PM [vite] page reload storage/framework/views/5a20926239d9529e64ab049d0fa7e6dcfa36916b.php
9:37:55 PM [vite] page reload resources/views/dashboard.blade.php
9:37:55 PM [vite] page reload resources/views/dashboard.blade.php
9:37:56 PM [vite] page reload storage/framework/views/5a20926239d9529e64ab049d0fa7e6dcfa36916b.php
9:38:37 PM [vite] page reload resources/views/dashboard.blade.php
9:38:37 PM [vite] page reload resources/views/dashboard.blade.php
9:38:37 PM [vite] page reload storage/framework/views/5a20926239d9529e64ab049d0fa7e6dcfa36916b.php
9:38:37 PM [vite] page reload storage/framework/views/5a20926239d9529e64ab049d0fa7e6dcfa36916b.php
9:38:37 PM [vite] page reload storage/framework/views/5a20926239d9529e64ab049d0fa7e6dcfa36916b.php
9:38:38 PM [vite] page reload storage/framework/views/5a20926239d9529e64ab049d0fa7e6dcfa36916b.php
9:38:54 PM [vite] page reload resources/views/dashboard.blade.php
9:38:54 PM [vite] page reload resources/views/dashboard.blade.php
9:38:54 PM [vite] page reload storage/framework/views/5a20926239d9529e64ab049d0fa7e6dcfa36916b.php
9:38:54 PM [vite] page reload storage/framework/views/5a20926239d9529e64ab049d0fa7e6dcfa36916b.php
9:38:54 PM [vite] page reload storage/framework/views/5a20926239d9529e64ab049d0fa7e6dcfa36916b.php
9:38:54 PM [vite] page reload storage/framework/views/5a20926239d9529e64ab049d0fa7e6dcfa36916b.php
9:38:54 PM [vite] page reload storage/framework/views/5a20926239d9529e64ab049d0fa7e6dcfa36916b.php
9:38:55 PM [vite] page reload storage/framework/views/5a20926239d9529e64ab049d0fa7e6dcfa36916b.php
9:41:06 PM [vite] page reload resources/views/dashboard.blade.php
9:41:06 PM [vite] page reload resources/views/dashboard.blade.php
9:41:06 PM [vite] page reload storage/framework/views/5a20926239d9529e64ab049d0fa7e6dcfa36916b.php
9:41:06 PM [vite] page reload storage/framework/views/5a20926239d9529e64ab049d0fa7e6dcfa36916b.php
9:41:07 PM [vite] page reload storage/framework/views/5a20926239d9529e64ab049d0fa7e6dcfa36916b.php
9:43:31 PM [vite] page reload resources/views/dashboard.blade.php
9:43:31 PM [vite] page reload resources/views/dashboard.blade.php
9:43:31 PM [vite] page reload storage/framework/views/5a20926239d9529e64ab049d0fa7e6dcfa36916b.php
9:43:32 PM [vite] page reload storage/framework/views/5a20926239d9529e64ab049d0fa7e6dcfa36916b.php
12:40:39 AM [vite] page reload resources/views/dashboard.blade.php
12:40:39 AM [vite] page reload resources/views/dashboard.blade.php
12:40:39 AM [vite] page reload storage/framework/views/5a20926239d9529e64ab049d0fa7e6dcfa36916b.php
12:40:40 AM [vite] page reload storage/framework/views/5a20926239d9529e64ab049d0fa7e6dcfa36916b.php
12:41:19 AM [vite] page reload resources/views/dashboard.blade.php
12:41:19 AM [vite] page reload resources/views/dashboard.blade.php
12:41:19 AM [vite] page reload resources/views/templates/layouts/tweets/create-post.blade.php
12:41:19 AM [vite] page reload resources/views/templates/layouts/tweets/create-post.blade.php
12:41:20 AM [vite] page reload storage/framework/views/5a20926239d9529e64ab049d0fa7e6dcfa36916b.php
12:41:20 AM [vite] page reload storage/framework/views/6c9b2090f404eec4c4af9253e36492e0af7aca5e.php
12:42:06 AM [vite] page reload resources/views/templates/layouts/tweets/create-post.blade.php
12:42:06 AM [vite] page reload resources/views/templates/layouts/tweets/create-post.blade.php
12:42:06 AM [vite] page reload storage/framework/views/6c9b2090f404eec4c4af9253e36492e0af7aca5e.php
12:42:07 AM [vite] page reload storage/framework/views/6c9b2090f404eec4c4af9253e36492e0af7aca5e.php
12:42:19 AM [vite] page reload resources/views/templates/layouts/tweets/create-post.blade.php
12:42:19 AM [vite] page reload resources/views/templates/layouts/tweets/create-post.blade.php
12:42:19 AM [vite] page reload storage/framework/views/6c9b2090f404eec4c4af9253e36492e0af7aca5e.php
12:42:20 AM [vite] page reload storage/framework/views/6c9b2090f404eec4c4af9253e36492e0af7aca5e.php
12:42:34 AM [vite] page reload resources/views/templates/layouts/tweets/create-post.blade.php
12:42:34 AM [vite] page reload resources/views/templates/layouts/tweets/create-post.blade.php
12:42:34 AM [vite] page reload storage/framework/views/6c9b2090f404eec4c4af9253e36492e0af7aca5e.php
12:42:34 AM [vite] page reload storage/framework/views/6c9b2090f404eec4c4af9253e36492e0af7aca5e.php
12:42:34 AM [vite] page reload storage/framework/views/6c9b2090f404eec4c4af9253e36492e0af7aca5e.php
12:42:35 AM [vite] page reload storage/framework/views/6c9b2090f404eec4c4af9253e36492e0af7aca5e.php
12:43:14 AM [vite] page reload resources/views/templates/layouts/tweets/create-post.blade.php
12:43:14 AM [vite] page reload resources/views/templates/layouts/tweets/create-post.blade.php
12:43:15 AM [vite] page reload storage/framework/views/6c9b2090f404eec4c4af9253e36492e0af7aca5e.php
12:43:46 AM [vite] page reload resources/views/templates/layouts/tweets/create-post.blade.php
12:43:46 AM [vite] page reload resources/views/templates/layouts/tweets/create-post.blade.php
12:43:46 AM [vite] page reload storage/framework/views/6c9b2090f404eec4c4af9253e36492e0af7aca5e.php
12:43:46 AM [vite] page reload storage/framework/views/6c9b2090f404eec4c4af9253e36492e0af7aca5e.php
12:43:46 AM [vite] page reload storage/framework/views/6c9b2090f404eec4c4af9253e36492e0af7aca5e.php
12:43:47 AM [vite] page reload storage/framework/views/6c9b2090f404eec4c4af9253e36492e0af7aca5e.php
12:44:56 AM [vite] page reload resources/views/templates/layouts/tweets/create-post.blade.php
12:44:56 AM [vite] page reload resources/views/templates/layouts/tweets/create-post.blade.php
12:44:57 AM [vite] page reload storage/framework/views/6c9b2090f404eec4c4af9253e36492e0af7aca5e.php
12:45:05 AM [vite] page reload resources/views/templates/layouts/tweets/create-post.blade.php
12:45:05 AM [vite] page reload resources/views/templates/layouts/tweets/create-post.blade.php
12:45:05 AM [vite] page reload storage/framework/views/6c9b2090f404eec4c4af9253e36492e0af7aca5e.php
12:45:05 AM [vite] page reload storage/framework/views/6c9b2090f404eec4c4af9253e36492e0af7aca5e.php
12:45:05 AM [vite] page reload storage/framework/views/6c9b2090f404eec4c4af9253e36492e0af7aca5e.php
12:45:05 AM [vite] page reload storage/framework/views/6c9b2090f404eec4c4af9253e36492e0af7aca5e.php
12:45:05 AM [vite] page reload storage/framework/views/6c9b2090f404eec4c4af9253e36492e0af7aca5e.php
12:45:06 AM [vite] page reload storage/framework/views/6c9b2090f404eec4c4af9253e36492e0af7aca5e.php
12:45:59 AM [vite] page reload resources/views/templates/layouts/tweets/create-post.blade.php
12:45:59 AM [vite] page reload resources/views/templates/layouts/tweets/create-post.blade.php
12:45:59 AM [vite] page reload storage/framework/views/6c9b2090f404eec4c4af9253e36492e0af7aca5e.php
12:45:59 AM [vite] page reload storage/framework/views/6c9b2090f404eec4c4af9253e36492e0af7aca5e.php
12:46:00 AM [vite] page reload storage/framework/views/6c9b2090f404eec4c4af9253e36492e0af7aca5e.php
12:46:11 AM [vite] page reload resources/views/templates/layouts/tweets/create-post.blade.php
12:46:11 AM [vite] page reload resources/views/templates/layouts/tweets/create-post.blade.php
12:46:12 AM [vite] page reload storage/framework/views/6c9b2090f404eec4c4af9253e36492e0af7aca5e.php
12:46:20 AM [vite] page reload resources/views/templates/layouts/tweets/create-post.blade.php
12:46:20 AM [vite] page reload resources/views/templates/layouts/tweets/create-post.blade.php
12:46:20 AM [vite] page reload storage/framework/views/6c9b2090f404eec4c4af9253e36492e0af7aca5e.php
12:46:20 AM [vite] page reload storage/framework/views/6c9b2090f404eec4c4af9253e36492e0af7aca5e.php
12:46:20 AM [vite] page reload storage/framework/views/6c9b2090f404eec4c4af9253e36492e0af7aca5e.php
12:46:20 AM [vite] page reload storage/framework/views/6c9b2090f404eec4c4af9253e36492e0af7aca5e.php
12:46:21 AM [vite] page reload storage/framework/views/6c9b2090f404eec4c4af9253e36492e0af7aca5e.php
12:47:53 AM [vite] page reload resources/views/templates/layouts/tweets/comment.blade.php
12:47:53 AM [vite] page reload resources/views/templates/layouts/tweets/comment.blade.php
12:47:53 AM [vite] page reload storage/framework/views/06a3cb33eab21aa6fe0352543185c76d4314ad19.php
12:47:54 AM [vite] page reload storage/framework/views/06a3cb33eab21aa6fe0352543185c76d4314ad19.php
12:50:21 AM [vite] page reload resources/views/templates/layouts/tweets/comment.blade.php
12:50:21 AM [vite] page reload resources/views/templates/layouts/tweets/comment.blade.php
12:50:21 AM [vite] page reload storage/framework/views/06a3cb33eab21aa6fe0352543185c76d4314ad19.php
12:50:21 AM [vite] page reload storage/framework/views/06a3cb33eab21aa6fe0352543185c76d4314ad19.php
12:50:21 AM [vite] page reload storage/framework/views/06a3cb33eab21aa6fe0352543185c76d4314ad19.php
12:50:21 AM [vite] page reload storage/framework/views/06a3cb33eab21aa6fe0352543185c76d4314ad19.php
12:50:22 AM [vite] page reload storage/framework/views/06a3cb33eab21aa6fe0352543185c76d4314ad19.php
12:54:57 AM [vite] page reload resources/views/templates/layouts/tweets/comment.blade.php
12:54:57 AM [vite] page reload resources/views/templates/layouts/tweets/comment.blade.php
12:54:58 AM [vite] page reload storage/framework/views/06a3cb33eab21aa6fe0352543185c76d4314ad19.php
12:55:28 AM [vite] page reload resources/views/templates/layouts/tweets/comment.blade.php
12:55:28 AM [vite] page reload resources/views/templates/layouts/tweets/comment.blade.php
12:55:28 AM [vite] page reload storage/framework/views/06a3cb33eab21aa6fe0352543185c76d4314ad19.php
12:55:28 AM [vite] page reload storage/framework/views/06a3cb33eab21aa6fe0352543185c76d4314ad19.php
12:55:28 AM [vite] page reload storage/framework/views/06a3cb33eab21aa6fe0352543185c76d4314ad19.php
12:55:28 AM [vite] page reload storage/framework/views/06a3cb33eab21aa6fe0352543185c76d4314ad19.php
12:55:28 AM [vite] page reload storage/framework/views/06a3cb33eab21aa6fe0352543185c76d4314ad19.php
12:55:29 AM [vite] page reload storage/framework/views/06a3cb33eab21aa6fe0352543185c76d4314ad19.php
12:56:58 AM [vite] page reload resources/views/templates/layouts/tweets/comment.blade.php
12:56:58 AM [vite] page reload resources/views/templates/layouts/tweets/comment.blade.php
12:56:58 AM [vite] page reload storage/framework/views/06a3cb33eab21aa6fe0352543185c76d4314ad19.php
12:56:58 AM [vite] page reload storage/framework/views/06a3cb33eab21aa6fe0352543185c76d4314ad19.php
12:56:58 AM [vite] page reload storage/framework/views/06a3cb33eab21aa6fe0352543185c76d4314ad19.php
12:56:58 AM [vite] page reload storage/framework/views/06a3cb33eab21aa6fe0352543185c76d4314ad19.php
12:56:58 AM [vite] page reload storage/framework/views/06a3cb33eab21aa6fe0352543185c76d4314ad19.php
12:58:08 AM [vite] page reload resources/views/templates/layouts/tweets/comment.blade.php
12:58:08 AM [vite] page reload resources/views/templates/layouts/tweets/comment.blade.php
12:58:08 AM [vite] page reload storage/framework/views/06a3cb33eab21aa6fe0352543185c76d4314ad19.php
12:58:08 AM [vite] page reload storage/framework/views/06a3cb33eab21aa6fe0352543185c76d4314ad19.php
12:58:08 AM [vite] page reload storage/framework/views/06a3cb33eab21aa6fe0352543185c76d4314ad19.php
12:58:08 AM [vite] page reload storage/framework/views/06a3cb33eab21aa6fe0352543185c76d4314ad19.php
12:58:08 AM [vite] page reload storage/framework/views/06a3cb33eab21aa6fe0352543185c76d4314ad19.php
12:58:09 AM [vite] page reload storage/framework/views/06a3cb33eab21aa6fe0352543185c76d4314ad19.php
